<?xml version="1.0" encoding="UTF-8"?>
<!-- Generated by org.testng.reporters.JUnitXMLReporter -->
<testsuite ignored="0" hostname="ZSCHN01LP0391" failures="0" tests="4" name="Default test" time="7.166" errors="0" timestamp="2024-02-13T19:12:43 IST">
  <testcase classname="testScripts.ArticlePage" name="loginTest" time="0.398"/>
  <testcase classname="testScripts.ArticlePage" name="newArticle" time="2.209"/>
  <testcase classname="testScripts.ArticlePage" name="update_Article" time="1.288"/>
  <testcase classname="testScripts.ArticlePage" name="delete_Article" time="0.107"/>
</testsuite> <!-- Default test -->
