<?xml version="1.0" encoding="UTF-8"?>
<testng-results ignored="0" total="4" passed="4" failed="0" skipped="0">
  <reporter-output>
  </reporter-output>
  <suite started-at="2024-02-13T19:12:36 IST" name="Default suite" finished-at="2024-02-13T19:12:43 IST" duration-ms="7166">
    <groups>
    </groups>
    <test started-at="2024-02-13T19:12:36 IST" name="Default test" finished-at="2024-02-13T19:12:43 IST" duration-ms="7166">
      <class name="testScripts.ArticlePage">
        <test-method is-config="true" signature="setup()[pri:0, instance:testScripts.ArticlePage@7dd712e8]" started-at="2024-02-13T19:12:36 IST" name="setup" finished-at="2024-02-13T19:12:39 IST" duration-ms="3113" status="PASS">
          <reporter-output>
          </reporter-output>
        </test-method> <!-- setup -->
        <test-method signature="loginTest()[pri:1, instance:testScripts.ArticlePage@7dd712e8]" started-at="2024-02-13T19:12:39 IST" name="loginTest" finished-at="2024-02-13T19:12:39 IST" duration-ms="398" status="PASS">
          <reporter-output>
          </reporter-output>
        </test-method> <!-- loginTest -->
        <test-method signature="newArticle()[pri:2, instance:testScripts.ArticlePage@7dd712e8]" started-at="2024-02-13T19:12:39 IST" name="newArticle" finished-at="2024-02-13T19:12:42 IST" duration-ms="2209" status="PASS">
          <reporter-output>
          </reporter-output>
        </test-method> <!-- newArticle -->
        <test-method signature="update_Article()[pri:3, instance:testScripts.ArticlePage@7dd712e8]" started-at="2024-02-13T19:12:42 IST" name="update_Article" finished-at="2024-02-13T19:12:43 IST" duration-ms="1288" status="PASS">
          <reporter-output>
          </reporter-output>
        </test-method> <!-- update_Article -->
        <test-method signature="delete_Article()[pri:4, instance:testScripts.ArticlePage@7dd712e8]" started-at="2024-02-13T19:12:43 IST" name="delete_Article" finished-at="2024-02-13T19:12:43 IST" duration-ms="107" status="PASS">
          <reporter-output>
          </reporter-output>
        </test-method> <!-- delete_Article -->
      </class> <!-- testScripts.ArticlePage -->
    </test> <!-- Default test -->
  </suite> <!-- Default suite -->
</testng-results>
